Collecting transformers (from -r C:/Users/matth/Desktop/EpubTranslator/requirements.txt (line 1))
  Downloading transformers-4.47.0-py3-none-any.whl.metadata (43 kB)
Collecting sentencepiece (from -r C:/Users/matth/Desktop/EpubTranslator/requirements.txt (line 2))
  Downloading sentencepiece-0.2.0-cp311-cp311-win_amd64.whl.metadata (8.3 kB)
Collecting torch (from -r C:/Users/matth/Desktop/EpubTranslator/requirements.txt (line 3))
  Downloading torch-2.5.1-cp311-cp311-win_amd64.whl.metadata (28 kB)
Collecting numpy (from -r C:/Users/matth/Desktop/EpubTranslator/requirements.txt (line 4))
  Downloading numpy-2.2.0-cp311-cp311-win_amd64.whl.metadata (60 kB)
Collecting sacremoses (from -r C:/Users/matth/Desktop/EpubTranslator/requirements.txt (line 5))
  Downloading sacremoses-0.1.1-py3-none-any.whl.metadata (8.3 kB)
Collecting optimum (from -r C:/Users/matth/Desktop/EpubTranslator/requirements.txt (line 6))
  Downloading optimum-1.23.3-py3-none-any.whl.metadata (20 kB)
Collecting filelock (from transformers->-r C:/Users/matth/Desktop/EpubTranslator/requirements.txt (line 1))
  Downloading filelock-3.16.1-py3-none-any.whl.metadata (2.9 kB)
Collecting huggingface-hub<1.0,>=0.24.0 (from transformers->-r C:/Users/matth/Desktop/EpubTranslator/requirements.txt (line 1))
  Downloading huggingface_hub-0.26.5-py3-none-any.whl.metadata (13 kB)
Collecting packaging>=20.0 (from transformers->-r C:/Users/matth/Desktop/EpubTranslator/requirements.txt (line 1))
  Downloading packaging-24.2-py3-none-any.whl.metadata (3.2 kB)
Collecting pyyaml>=5.1 (from transformers->-r C:/Users/matth/Desktop/EpubTranslator/requirements.txt (line 1))
  Downloading PyYAML-6.0.2-cp311-cp311-win_amd64.whl.metadata (2.1 kB)
Collecting regex!=2019.12.17 (from transformers->-r C:/Users/matth/Desktop/EpubTranslator/requirements.txt (line 1))
  Downloading regex-2024.11.6-cp311-cp311-win_amd64.whl.metadata (41 kB)
Collecting requests (from transformers->-r C:/Users/matth/Desktop/EpubTranslator/requirements.txt (line 1))
  Downloading requests-2.32.3-py3-none-any.whl.metadata (4.6 kB)
Collecting tokenizers<0.22,>=0.21 (from transformers->-r C:/Users/matth/Desktop/EpubTranslator/requirements.txt (line 1))
  Downloading tokenizers-0.21.0-cp39-abi3-win_amd64.whl.metadata (6.9 kB)
Collecting safetensors>=0.4.1 (from transformers->-r C:/Users/matth/Desktop/EpubTranslator/requirements.txt (line 1))
  Downloading safetensors-0.4.5-cp311-none-win_amd64.whl.metadata (3.9 kB)
Collecting tqdm>=4.27 (from transformers->-r C:/Users/matth/Desktop/EpubTranslator/requirements.txt (line 1))
  Downloading tqdm-4.67.1-py3-none-any.whl.metadata (57 kB)
Collecting typing-extensions>=4.8.0 (from torch->-r C:/Users/matth/Desktop/EpubTranslator/requirements.txt (line 3))
  Downloading typing_extensions-4.12.2-py3-none-any.whl.metadata (3.0 kB)
Collecting networkx (from torch->-r C:/Users/matth/Desktop/EpubTranslator/requirements.txt (line 3))
  Downloading networkx-3.4.2-py3-none-any.whl.metadata (6.3 kB)
Collecting jinja2 (from torch->-r C:/Users/matth/Desktop/EpubTranslator/requirements.txt (line 3))
  Downloading jinja2-3.1.4-py3-none-any.whl.metadata (2.6 kB)
Collecting fsspec (from torch->-r C:/Users/matth/Desktop/EpubTranslator/requirements.txt (line 3))
  Downloading fsspec-2024.10.0-py3-none-any.whl.metadata (11 kB)
Collecting sympy==1.13.1 (from torch->-r C:/Users/matth/Desktop/EpubTranslator/requirements.txt (line 3))
  Downloading sympy-1.13.1-py3-none-any.whl.metadata (12 kB)
Collecting mpmath<1.4,>=1.1.0 (from sympy==1.13.1->torch->-r C:/Users/matth/Desktop/EpubTranslator/requirements.txt (line 3))
  Downloading mpmath-1.3.0-py3-none-any.whl.metadata (8.6 kB)
Collecting click (from sacremoses->-r C:/Users/matth/Desktop/EpubTranslator/requirements.txt (line 5))
  Downloading click-8.1.7-py3-none-any.whl.metadata (3.0 kB)
Collecting joblib (from sacremoses->-r C:/Users/matth/Desktop/EpubTranslator/requirements.txt (line 5))
  Downloading joblib-1.4.2-py3-none-any.whl.metadata (5.4 kB)
Collecting coloredlogs (from optimum->-r C:/Users/matth/Desktop/EpubTranslator/requirements.txt (line 6))
  Downloading coloredlogs-15.0.1-py2.py3-none-any.whl.metadata (12 kB)
Collecting datasets (from optimum->-r C:/Users/matth/Desktop/EpubTranslator/requirements.txt (line 6))
  Downloading datasets-3.2.0-py3-none-any.whl.metadata (20 kB)
Collecting onnx (from optimum[onnxruntime]->-r C:/Users/matth/Desktop/EpubTranslator/requirements.txt (line 7))
  Downloading onnx-1.17.0-cp311-cp311-win_amd64.whl.metadata (16 kB)
Collecting onnxruntime>=1.11.0 (from optimum[onnxruntime]->-r C:/Users/matth/Desktop/EpubTranslator/requirements.txt (line 7))
  Downloading onnxruntime-1.20.1-cp311-cp311-win_amd64.whl.metadata (4.7 kB)
Collecting evaluate (from optimum[onnxruntime]->-r C:/Users/matth/Desktop/EpubTranslator/requirements.txt (line 7))
  Downloading evaluate-0.4.3-py3-none-any.whl.metadata (9.2 kB)
Collecting protobuf>=3.20.1 (from optimum[onnxruntime]->-r C:/Users/matth/Desktop/EpubTranslator/requirements.txt (line 7))
  Downloading protobuf-5.29.1-cp310-abi3-win_amd64.whl.metadata (592 bytes)
Collecting transformers (from -r C:/Users/matth/Desktop/EpubTranslator/requirements.txt (line 1))
  Downloading transformers-4.46.3-py3-none-any.whl.metadata (44 kB)
Collecting tokenizers<0.21,>=0.20 (from transformers->-r C:/Users/matth/Desktop/EpubTranslator/requirements.txt (line 1))
  Downloading tokenizers-0.20.3-cp311-none-win_amd64.whl.metadata (6.9 kB)
Collecting pyarrow>=15.0.0 (from datasets->optimum->-r C:/Users/matth/Desktop/EpubTranslator/requirements.txt (line 6))
  Downloading pyarrow-18.1.0-cp311-cp311-win_amd64.whl.metadata (3.4 kB)
Collecting dill<0.3.9,>=0.3.0 (from datasets->optimum->-r C:/Users/matth/Desktop/EpubTranslator/requirements.txt (line 6))
  Downloading dill-0.3.8-py3-none-any.whl.metadata (10 kB)
Collecting pandas (from datasets->optimum->-r C:/Users/matth/Desktop/EpubTranslator/requirements.txt (line 6))
  Downloading pandas-2.2.3-cp311-cp311-win_amd64.whl.metadata (19 kB)
Collecting xxhash (from datasets->optimum->-r C:/Users/matth/Desktop/EpubTranslator/requirements.txt (line 6))
  Downloading xxhash-3.5.0-cp311-cp311-win_amd64.whl.metadata (13 kB)
Collecting multiprocess<0.70.17 (from datasets->optimum->-r C:/Users/matth/Desktop/EpubTranslator/requirements.txt (line 6))
  Downloading multiprocess-0.70.16-py311-none-any.whl.metadata (7.2 kB)
Collecting fsspec (from torch->-r C:/Users/matth/Desktop/EpubTranslator/requirements.txt (line 3))
  Downloading fsspec-2024.9.0-py3-none-any.whl.metadata (11 kB)
Collecting aiohttp (from datasets->optimum->-r C:/Users/matth/Desktop/EpubTranslator/requirements.txt (line 6))
  Downloading aiohttp-3.11.10-cp311-cp311-win_amd64.whl.metadata (8.0 kB)
Collecting flatbuffers (from onnxruntime>=1.11.0->optimum[onnxruntime]->-r C:/Users/matth/Desktop/EpubTranslator/requirements.txt (line 7))
  Downloading flatbuffers-24.3.25-py2.py3-none-any.whl.metadata (850 bytes)
Collecting charset-normalizer<4,>=2 (from requests->transformers->-r C:/Users/matth/Desktop/EpubTranslator/requirements.txt (line 1))
  Downloading charset_normalizer-3.4.0-cp311-cp311-win_amd64.whl.metadata (34 kB)
Collecting idna<4,>=2.5 (from requests->transformers->-r C:/Users/matth/Desktop/EpubTranslator/requirements.txt (line 1))
  Downloading idna-3.10-py3-none-any.whl.metadata (10 kB)
Collecting urllib3<3,>=1.21.1 (from requests->transformers->-r C:/Users/matth/Desktop/EpubTranslator/requirements.txt (line 1))
  Downloading urllib3-2.2.3-py3-none-any.whl.metadata (6.5 kB)
Collecting certifi>=2017.4.17 (from requests->transformers->-r C:/Users/matth/Desktop/EpubTranslator/requirements.txt (line 1))
  Downloading certifi-2024.8.30-py3-none-any.whl.metadata (2.2 kB)
Collecting colorama (from tqdm>=4.27->transformers->-r C:/Users/matth/Desktop/EpubTranslator/requirements.txt (line 1))
  Downloading colorama-0.4.6-py2.py3-none-any.whl.metadata (17 kB)
Collecting humanfriendly>=9.1 (from coloredlogs->optimum->-r C:/Users/matth/Desktop/EpubTranslator/requirements.txt (line 6))
  Downloading humanfriendly-10.0-py2.py3-none-any.whl.metadata (9.2 kB)
Collecting MarkupSafe>=2.0 (from jinja2->torch->-r C:/Users/matth/Desktop/EpubTranslator/requirements.txt (line 3))
  Downloading MarkupSafe-3.0.2-cp311-cp311-win_amd64.whl.metadata (4.1 kB)
Collecting aiohappyeyeballs>=2.3.0 (from aiohttp->datasets->optimum->-r C:/Users/matth/Desktop/EpubTranslator/requirements.txt (line 6))
  Downloading aiohappyeyeballs-2.4.4-py3-none-any.whl.metadata (6.1 kB)
Collecting aiosignal>=1.1.2 (from aiohttp->datasets->optimum->-r C:/Users/matth/Desktop/EpubTranslator/requirements.txt (line 6))
  Downloading aiosignal-1.3.1-py3-none-any.whl.metadata (4.0 kB)
Collecting attrs>=17.3.0 (from aiohttp->datasets->optimum->-r C:/Users/matth/Desktop/EpubTranslator/requirements.txt (line 6))
  Downloading attrs-24.2.0-py3-none-any.whl.metadata (11 kB)
Collecting frozenlist>=1.1.1 (from aiohttp->datasets->optimum->-r C:/Users/matth/Desktop/EpubTranslator/requirements.txt (line 6))
  Downloading frozenlist-1.5.0-cp311-cp311-win_amd64.whl.metadata (14 kB)
Collecting multidict<7.0,>=4.5 (from aiohttp->datasets->optimum->-r C:/Users/matth/Desktop/EpubTranslator/requirements.txt (line 6))
  Downloading multidict-6.1.0-cp311-cp311-win_amd64.whl.metadata (5.1 kB)
Collecting propcache>=0.2.0 (from aiohttp->datasets->optimum->-r C:/Users/matth/Desktop/EpubTranslator/requirements.txt (line 6))
  Downloading propcache-0.2.1-cp311-cp311-win_amd64.whl.metadata (9.5 kB)
Collecting yarl<2.0,>=1.17.0 (from aiohttp->datasets->optimum->-r C:/Users/matth/Desktop/EpubTranslator/requirements.txt (line 6))
  Downloading yarl-1.18.3-cp311-cp311-win_amd64.whl.metadata (71 kB)
Collecting pyreadline3 (from humanfriendly>=9.1->coloredlogs->optimum->-r C:/Users/matth/Desktop/EpubTranslator/requirements.txt (line 6))
  Downloading pyreadline3-3.5.4-py3-none-any.whl.metadata (4.7 kB)
Collecting python-dateutil>=2.8.2 (from pandas->datasets->optimum->-r C:/Users/matth/Desktop/EpubTranslator/requirements.txt (line 6))
  Downloading python_dateutil-2.9.0.post0-py2.py3-none-any.whl.metadata (8.4 kB)
Collecting pytz>=2020.1 (from pandas->datasets->optimum->-r C:/Users/matth/Desktop/EpubTranslator/requirements.txt (line 6))
  Downloading pytz-2024.2-py2.py3-none-any.whl.metadata (22 kB)
Collecting tzdata>=2022.7 (from pandas->datasets->optimum->-r C:/Users/matth/Desktop/EpubTranslator/requirements.txt (line 6))
  Downloading tzdata-2024.2-py2.py3-none-any.whl.metadata (1.4 kB)
Collecting six>=1.5 (from python-dateutil>=2.8.2->pandas->datasets->optimum->-r C:/Users/matth/Desktop/EpubTranslator/requirements.txt (line 6))
  Downloading six-1.17.0-py2.py3-none-any.whl.metadata (1.7 kB)
Downloading sentencepiece-0.2.0-cp311-cp311-win_amd64.whl (991 kB)
   -------------------------------------- 991.5/991.5 kB 778.4 kB/s eta 0:00:00
Downloading torch-2.5.1-cp311-cp311-win_amd64.whl (203.1 MB)
   -------------------------------------- 203.1/203.1 MB 758.1 kB/s eta 0:00:00
Downloading sympy-1.13.1-py3-none-any.whl (6.2 MB)
   ---------------------------------------- 6.2/6.2 MB 743.9 kB/s eta 0:00:00
Downloading numpy-2.2.0-cp311-cp311-win_amd64.whl (12.9 MB)
   ---------------------------------------- 12.9/12.9 MB 815.6 kB/s eta 0:00:00
Downloading sacremoses-0.1.1-py3-none-any.whl (897 kB)
   -------------------------------------- 897.5/897.5 kB 701.2 kB/s eta 0:00:00
Downloading optimum-1.23.3-py3-none-any.whl (424 kB)
Downloading transformers-4.46.3-py3-none-any.whl (10.0 MB)
Collecting transformers (from -r C:/Users/matth/Desktop/EpubTranslator/requirements.txt (line 1))
  Downloading transformers-4.47.0-py3-none-any.whl.metadata (43 kB)
Collecting sentencepiece (from -r C:/Users/matth/Desktop/EpubTranslator/requirements.txt (line 2))
  Downloading sentencepiece-0.2.0-cp311-cp311-win_amd64.whl.metadata (8.3 kB)
Collecting torch (from -r C:/Users/matth/Desktop/EpubTranslator/requirements.txt (line 3))
  Downloading torch-2.5.1-cp311-cp311-win_amd64.whl.metadata (28 kB)
Collecting numpy (from -r C:/Users/matth/Desktop/EpubTranslator/requirements.txt (line 4))
  Downloading numpy-2.2.0-cp311-cp311-win_amd64.whl.metadata (60 kB)
Collecting sacremoses (from -r C:/Users/matth/Desktop/EpubTranslator/requirements.txt (line 5))
  Downloading sacremoses-0.1.1-py3-none-any.whl.metadata (8.3 kB)
Collecting optimum (from -r C:/Users/matth/Desktop/EpubTranslator/requirements.txt (line 6))
  Downloading optimum-1.23.3-py3-none-any.whl.metadata (20 kB)
Collecting filelock (from transformers->-r C:/Users/matth/Desktop/EpubTranslator/requirements.txt (line 1))
  Downloading filelock-3.16.1-py3-none-any.whl.metadata (2.9 kB)
Collecting huggingface-hub<1.0,>=0.24.0 (from transformers->-r C:/Users/matth/Desktop/EpubTranslator/requirements.txt (line 1))
  Downloading huggingface_hub-0.26.5-py3-none-any.whl.metadata (13 kB)
Collecting packaging>=20.0 (from transformers->-r C:/Users/matth/Desktop/EpubTranslator/requirements.txt (line 1))
  Downloading packaging-24.2-py3-none-any.whl.metadata (3.2 kB)
Collecting pyyaml>=5.1 (from transformers->-r C:/Users/matth/Desktop/EpubTranslator/requirements.txt (line 1))
  Downloading PyYAML-6.0.2-cp311-cp311-win_amd64.whl.metadata (2.1 kB)
Collecting regex!=2019.12.17 (from transformers->-r C:/Users/matth/Desktop/EpubTranslator/requirements.txt (line 1))
  Downloading regex-2024.11.6-cp311-cp311-win_amd64.whl.metadata (41 kB)
Collecting requests (from transformers->-r C:/Users/matth/Desktop/EpubTranslator/requirements.txt (line 1))
  Downloading requests-2.32.3-py3-none-any.whl.metadata (4.6 kB)
Collecting tokenizers<0.22,>=0.21 (from transformers->-r C:/Users/matth/Desktop/EpubTranslator/requirements.txt (line 1))
  Downloading tokenizers-0.21.0-cp39-abi3-win_amd64.whl.metadata (6.9 kB)
Collecting safetensors>=0.4.1 (from transformers->-r C:/Users/matth/Desktop/EpubTranslator/requirements.txt (line 1))
  Downloading safetensors-0.4.5-cp311-none-win_amd64.whl.metadata (3.9 kB)
Collecting tqdm>=4.27 (from transformers->-r C:/Users/matth/Desktop/EpubTranslator/requirements.txt (line 1))
  Downloading tqdm-4.67.1-py3-none-any.whl.metadata (57 kB)
Collecting typing-extensions>=4.8.0 (from torch->-r C:/Users/matth/Desktop/EpubTranslator/requirements.txt (line 3))
  Downloading typing_extensions-4.12.2-py3-none-any.whl.metadata (3.0 kB)
Collecting networkx (from torch->-r C:/Users/matth/Desktop/EpubTranslator/requirements.txt (line 3))
  Downloading networkx-3.4.2-py3-none-any.whl.metadata (6.3 kB)
Collecting jinja2 (from torch->-r C:/Users/matth/Desktop/EpubTranslator/requirements.txt (line 3))
  Downloading jinja2-3.1.4-py3-none-any.whl.metadata (2.6 kB)
Collecting fsspec (from torch->-r C:/Users/matth/Desktop/EpubTranslator/requirements.txt (line 3))
  Downloading fsspec-2024.10.0-py3-none-any.whl.metadata (11 kB)
Collecting sympy==1.13.1 (from torch->-r C:/Users/matth/Desktop/EpubTranslator/requirements.txt (line 3))
  Downloading sympy-1.13.1-py3-none-any.whl.metadata (12 kB)
Collecting mpmath<1.4,>=1.1.0 (from sympy==1.13.1->torch->-r C:/Users/matth/Desktop/EpubTranslator/requirements.txt (line 3))
  Downloading mpmath-1.3.0-py3-none-any.whl.metadata (8.6 kB)
Collecting click (from sacremoses->-r C:/Users/matth/Desktop/EpubTranslator/requirements.txt (line 5))
  Downloading click-8.1.7-py3-none-any.whl.metadata (3.0 kB)
Collecting joblib (from sacremoses->-r C:/Users/matth/Desktop/EpubTranslator/requirements.txt (line 5))
  Downloading joblib-1.4.2-py3-none-any.whl.metadata (5.4 kB)
Collecting coloredlogs (from optimum->-r C:/Users/matth/Desktop/EpubTranslator/requirements.txt (line 6))
  Downloading coloredlogs-15.0.1-py2.py3-none-any.whl.metadata (12 kB)
Collecting datasets (from optimum->-r C:/Users/matth/Desktop/EpubTranslator/requirements.txt (line 6))
  Downloading datasets-3.2.0-py3-none-any.whl.metadata (20 kB)
Collecting onnx (from optimum[onnxruntime]->-r C:/Users/matth/Desktop/EpubTranslator/requirements.txt (line 7))
  Downloading onnx-1.17.0-cp311-cp311-win_amd64.whl.metadata (16 kB)
Collecting onnxruntime>=1.11.0 (from optimum[onnxruntime]->-r C:/Users/matth/Desktop/EpubTranslator/requirements.txt (line 7))
  Downloading onnxruntime-1.20.1-cp311-cp311-win_amd64.whl.metadata (4.7 kB)
Collecting evaluate (from optimum[onnxruntime]->-r C:/Users/matth/Desktop/EpubTranslator/requirements.txt (line 7))
  Downloading evaluate-0.4.3-py3-none-any.whl.metadata (9.2 kB)
Collecting protobuf>=3.20.1 (from optimum[onnxruntime]->-r C:/Users/matth/Desktop/EpubTranslator/requirements.txt (line 7))
  Downloading protobuf-5.29.1-cp310-abi3-win_amd64.whl.metadata (592 bytes)
Collecting transformers (from -r C:/Users/matth/Desktop/EpubTranslator/requirements.txt (line 1))
  Downloading transformers-4.46.3-py3-none-any.whl.metadata (44 kB)
Collecting tokenizers<0.21,>=0.20 (from transformers->-r C:/Users/matth/Desktop/EpubTranslator/requirements.txt (line 1))
  Downloading tokenizers-0.20.3-cp311-none-win_amd64.whl.metadata (6.9 kB)
Collecting pyarrow>=15.0.0 (from datasets->optimum->-r C:/Users/matth/Desktop/EpubTranslator/requirements.txt (line 6))
  Downloading pyarrow-18.1.0-cp311-cp311-win_amd64.whl.metadata (3.4 kB)
Collecting dill<0.3.9,>=0.3.0 (from datasets->optimum->-r C:/Users/matth/Desktop/EpubTranslator/requirements.txt (line 6))
  Downloading dill-0.3.8-py3-none-any.whl.metadata (10 kB)
Collecting pandas (from datasets->optimum->-r C:/Users/matth/Desktop/EpubTranslator/requirements.txt (line 6))
  Downloading pandas-2.2.3-cp311-cp311-win_amd64.whl.metadata (19 kB)
Collecting xxhash (from datasets->optimum->-r C:/Users/matth/Desktop/EpubTranslator/requirements.txt (line 6))
  Downloading xxhash-3.5.0-cp311-cp311-win_amd64.whl.metadata (13 kB)
Collecting multiprocess<0.70.17 (from datasets->optimum->-r C:/Users/matth/Desktop/EpubTranslator/requirements.txt (line 6))
  Downloading multiprocess-0.70.16-py311-none-any.whl.metadata (7.2 kB)
Collecting fsspec (from torch->-r C:/Users/matth/Desktop/EpubTranslator/requirements.txt (line 3))
  Downloading fsspec-2024.9.0-py3-none-any.whl.metadata (11 kB)
Collecting aiohttp (from datasets->optimum->-r C:/Users/matth/Desktop/EpubTranslator/requirements.txt (line 6))
  Downloading aiohttp-3.11.10-cp311-cp311-win_amd64.whl.metadata (8.0 kB)
Collecting flatbuffers (from onnxruntime>=1.11.0->optimum[onnxruntime]->-r C:/Users/matth/Desktop/EpubTranslator/requirements.txt (line 7))
  Downloading flatbuffers-24.3.25-py2.py3-none-any.whl.metadata (850 bytes)
Collecting charset-normalizer<4,>=2 (from requests->transformers->-r C:/Users/matth/Desktop/EpubTranslator/requirements.txt (line 1))
  Downloading charset_normalizer-3.4.0-cp311-cp311-win_amd64.whl.metadata (34 kB)
Collecting idna<4,>=2.5 (from requests->transformers->-r C:/Users/matth/Desktop/EpubTranslator/requirements.txt (line 1))
  Downloading idna-3.10-py3-none-any.whl.metadata (10 kB)
Collecting urllib3<3,>=1.21.1 (from requests->transformers->-r C:/Users/matth/Desktop/EpubTranslator/requirements.txt (line 1))
  Downloading urllib3-2.2.3-py3-none-any.whl.metadata (6.5 kB)
Collecting certifi>=2017.4.17 (from requests->transformers->-r C:/Users/matth/Desktop/EpubTranslator/requirements.txt (line 1))
  Downloading certifi-2024.8.30-py3-none-any.whl.metadata (2.2 kB)
Collecting colorama (from tqdm>=4.27->transformers->-r C:/Users/matth/Desktop/EpubTranslator/requirements.txt (line 1))
  Downloading colorama-0.4.6-py2.py3-none-any.whl.metadata (17 kB)
Collecting humanfriendly>=9.1 (from coloredlogs->optimum->-r C:/Users/matth/Desktop/EpubTranslator/requirements.txt (line 6))
  Downloading humanfriendly-10.0-py2.py3-none-any.whl.metadata (9.2 kB)
Collecting MarkupSafe>=2.0 (from jinja2->torch->-r C:/Users/matth/Desktop/EpubTranslator/requirements.txt (line 3))
  Downloading MarkupSafe-3.0.2-cp311-cp311-win_amd64.whl.metadata (4.1 kB)
Collecting aiohappyeyeballs>=2.3.0 (from aiohttp->datasets->optimum->-r C:/Users/matth/Desktop/EpubTranslator/requirements.txt (line 6))
  Downloading aiohappyeyeballs-2.4.4-py3-none-any.whl.metadata (6.1 kB)
Collecting aiosignal>=1.1.2 (from aiohttp->datasets->optimum->-r C:/Users/matth/Desktop/EpubTranslator/requirements.txt (line 6))
  Downloading aiosignal-1.3.1-py3-none-any.whl.metadata (4.0 kB)
Collecting attrs>=17.3.0 (from aiohttp->datasets->optimum->-r C:/Users/matth/Desktop/EpubTranslator/requirements.txt (line 6))
  Downloading attrs-24.2.0-py3-none-any.whl.metadata (11 kB)
Collecting frozenlist>=1.1.1 (from aiohttp->datasets->optimum->-r C:/Users/matth/Desktop/EpubTranslator/requirements.txt (line 6))
  Downloading frozenlist-1.5.0-cp311-cp311-win_amd64.whl.metadata (14 kB)
Collecting multidict<7.0,>=4.5 (from aiohttp->datasets->optimum->-r C:/Users/matth/Desktop/EpubTranslator/requirements.txt (line 6))
  Downloading multidict-6.1.0-cp311-cp311-win_amd64.whl.metadata (5.1 kB)
Collecting propcache>=0.2.0 (from aiohttp->datasets->optimum->-r C:/Users/matth/Desktop/EpubTranslator/requirements.txt (line 6))
  Downloading propcache-0.2.1-cp311-cp311-win_amd64.whl.metadata (9.5 kB)
Collecting yarl<2.0,>=1.17.0 (from aiohttp->datasets->optimum->-r C:/Users/matth/Desktop/EpubTranslator/requirements.txt (line 6))
  Downloading yarl-1.18.3-cp311-cp311-win_amd64.whl.metadata (71 kB)
Collecting pyreadline3 (from humanfriendly>=9.1->coloredlogs->optimum->-r C:/Users/matth/Desktop/EpubTranslator/requirements.txt (line 6))
  Downloading pyreadline3-3.5.4-py3-none-any.whl.metadata (4.7 kB)
Collecting python-dateutil>=2.8.2 (from pandas->datasets->optimum->-r C:/Users/matth/Desktop/EpubTranslator/requirements.txt (line 6))
  Downloading python_dateutil-2.9.0.post0-py2.py3-none-any.whl.metadata (8.4 kB)
Collecting pytz>=2020.1 (from pandas->datasets->optimum->-r C:/Users/matth/Desktop/EpubTranslator/requirements.txt (line 6))
  Downloading pytz-2024.2-py2.py3-none-any.whl.metadata (22 kB)
Collecting tzdata>=2022.7 (from pandas->datasets->optimum->-r C:/Users/matth/Desktop/EpubTranslator/requirements.txt (line 6))
  Downloading tzdata-2024.2-py2.py3-none-any.whl.metadata (1.4 kB)
Collecting six>=1.5 (from python-dateutil>=2.8.2->pandas->datasets->optimum->-r C:/Users/matth/Desktop/EpubTranslator/requirements.txt (line 6))
  Downloading six-1.17.0-py2.py3-none-any.whl.metadata (1.7 kB)
Downloading sentencepiece-0.2.0-cp311-cp311-win_amd64.whl (991 kB)
   ---------------------------------------- 991.5/991.5 kB 1.4 MB/s eta 0:00:00
Downloading torch-2.5.1-cp311-cp311-win_amd64.whl (203.1 MB)
   -------------------------------------- 203.1/203.1 MB 988.4 kB/s eta 0:00:00
Downloading sympy-1.13.1-py3-none-any.whl (6.2 MB)
   ---------------------------------------- 6.2/6.2 MB 970.1 kB/s eta 0:00:00
Downloading numpy-2.2.0-cp311-cp311-win_amd64.whl (12.9 MB)
   ---------------------------------------- 12.9/12.9 MB 870.9 kB/s eta 0:00:00
Downloading sacremoses-0.1.1-py3-none-any.whl (897 kB)
   -------------------------------------- 897.5/897.5 kB 752.8 kB/s eta 0:00:00
Downloading optimum-1.23.3-py3-none-any.whl (424 kB)
Downloading transformers-4.46.3-py3-none-any.whl (10.0 MB)
   ---------------------------------------- 10.0/10.0 MB 893.4 kB/s eta 0:00:00
Downloading datasets-3.2.0-py3-none-any.whl (480 kB)
Downloading fsspec-2024.9.0-py3-none-any.whl (179 kB)
Downloading huggingface_hub-0.26.5-py3-none-any.whl (447 kB)
Downloading onnxruntime-1.20.1-cp311-cp311-win_amd64.whl (11.3 MB)
   ---------------------------------------- 11.3/11.3 MB 781.0 kB/s eta 0:00:00
Downloading packaging-24.2-py3-none-any.whl (65 kB)
Downloading protobuf-5.29.1-cp310-abi3-win_amd64.whl (434 kB)
Downloading PyYAML-6.0.2-cp311-cp311-win_amd64.whl (161 kB)
Downloading regex-2024.11.6-cp311-cp311-win_amd64.whl (274 kB)
Downloading requests-2.32.3-py3-none-any.whl (64 kB)
Downloading safetensors-0.4.5-cp311-none-win_amd64.whl (285 kB)
Downloading tokenizers-0.20.3-cp311-none-win_amd64.whl (2.4 MB)
   ---------------------------------------- 2.4/2.4 MB 725.3 kB/s eta 0:00:00
Downloading tqdm-4.67.1-py3-none-any.whl (78 kB)
Downloading typing_extensions-4.12.2-py3-none-any.whl (37 kB)
Downloading click-8.1.7-py3-none-any.whl (97 kB)
Downloading coloredlogs-15.0.1-py2.py3-none-any.whl (46 kB)
Downloading evaluate-0.4.3-py3-none-any.whl (84 kB)
Downloading filelock-3.16.1-py3-none-any.whl (16 kB)
Downloading jinja2-3.1.4-py3-none-any.whl (133 kB)
Downloading joblib-1.4.2-py3-none-any.whl (301 kB)
Downloading networkx-3.4.2-py3-none-any.whl (1.7 MB)
   ---------------------------------------- 1.7/1.7 MB 631.7 kB/s eta 0:00:00
Downloading onnx-1.17.0-cp311-cp311-win_amd64.whl (14.5 MB)
   ---------------------------------------- 14.5/14.5 MB 754.6 kB/s eta 0:00:00
Downloading certifi-2024.8.30-py3-none-any.whl (167 kB)
Downloading charset_normalizer-3.4.0-cp311-cp311-win_amd64.whl (101 kB)
Downloading dill-0.3.8-py3-none-any.whl (116 kB)
Downloading aiohttp-3.11.10-cp311-cp311-win_amd64.whl (442 kB)
Downloading humanfriendly-10.0-py2.py3-none-any.whl (86 kB)
Downloading idna-3.10-py3-none-any.whl (70 kB)
Downloading MarkupSafe-3.0.2-cp311-cp311-win_amd64.whl (15 kB)
Downloading mpmath-1.3.0-py3-none-any.whl (536 kB)
   -------------------------------------- 536.2/536.2 kB 835.5 kB/s eta 0:00:00
Downloading multiprocess-0.70.16-py311-none-any.whl (143 kB)
Downloading pyarrow-18.1.0-cp311-cp311-win_amd64.whl (25.1 MB)
   ---------------------------------------- 25.1/25.1 MB 793.6 kB/s eta 0:00:00
Downloading urllib3-2.2.3-py3-none-any.whl (126 kB)
Downloading colorama-0.4.6-py2.py3-none-any.whl (25 kB)
Downloading flatbuffers-24.3.25-py2.py3-none-any.whl (26 kB)
Downloading pandas-2.2.3-cp311-cp311-win_amd64.whl (11.6 MB)
   ---------------------------------------- 11.6/11.6 MB 754.6 kB/s eta 0:00:00
Downloading xxhash-3.5.0-cp311-cp311-win_amd64.whl (30 kB)
Downloading aiohappyeyeballs-2.4.4-py3-none-any.whl (14 kB)
Downloading aiosignal-1.3.1-py3-none-any.whl (7.6 kB)
Downloading attrs-24.2.0-py3-none-any.whl (63 kB)
Downloading frozenlist-1.5.0-cp311-cp311-win_amd64.whl (51 kB)
Downloading multidict-6.1.0-cp311-cp311-win_amd64.whl (28 kB)
Downloading propcache-0.2.1-cp311-cp311-win_amd64.whl (44 kB)
Downloading python_dateutil-2.9.0.post0-py2.py3-none-any.whl (229 kB)
Downloading pytz-2024.2-py2.py3-none-any.whl (508 kB)
Downloading tzdata-2024.2-py2.py3-none-any.whl (346 kB)
Downloading yarl-1.18.3-cp311-cp311-win_amd64.whl (91 kB)
Downloading pyreadline3-3.5.4-py3-none-any.whl (83 kB)
Downloading six-1.17.0-py2.py3-none-any.whl (11 kB)
Installing collected packages: sentencepiece, pytz, mpmath, flatbuffers, xxhash, urllib3, tzdata, typing-extensions, sympy, six, safetensors, regex, pyyaml, pyreadline3, pyarrow, protobuf, propcache, packaging, numpy, networkx, multidict, MarkupSafe, joblib, idna, fsspec, frozenlist, filelock, dill, colorama, charset-normalizer, certifi, attrs, aiohappyeyeballs, yarl, tqdm, requests, python-dateutil, onnx, multiprocess, jinja2, humanfriendly, click, aiosignal, torch, sacremoses, pandas, huggingface-hub, coloredlogs, aiohttp, tokenizers, onnxruntime, transformers, datasets, optimum, evaluate
Successfully installed MarkupSafe-3.0.2 aiohappyeyeballs-2.4.4 aiohttp-3.11.10 aiosignal-1.3.1 attrs-24.2.0 certifi-2024.8.30 charset-normalizer-3.4.0 click-8.1.7 colorama-0.4.6 coloredlogs-15.0.1 datasets-3.2.0 dill-0.3.8 evaluate-0.4.3 filelock-3.16.1 flatbuffers-24.3.25 frozenlist-1.5.0 fsspec-2024.9.0 huggingface-hub-0.26.5 humanfriendly-10.0 idna-3.10 jinja2-3.1.4 joblib-1.4.2 mpmath-1.3.0 multidict-6.1.0 multiprocess-0.70.16 networkx-3.4.2 numpy-2.2.0 onnx-1.17.0 onnxruntime-1.20.1 optimum-1.23.3 packaging-24.2 pandas-2.2.3 propcache-0.2.1 protobuf-5.29.1 pyarrow-18.1.0 pyreadline3-3.5.4 python-dateutil-2.9.0.post0 pytz-2024.2 pyyaml-6.0.2 regex-2024.11.6 requests-2.32.3 sacremoses-0.1.1 safetensors-0.4.5 sentencepiece-0.2.0 six-1.17.0 sympy-1.13.1 tokenizers-0.20.3 torch-2.5.1 tqdm-4.67.1 transformers-4.46.3 typing-extensions-4.12.2 tzdata-2024.2 urllib3-2.2.3 xxhash-3.5.0 yarl-1.18.3
Requirement already satisfied: transformers in c:\users\matth\desktop\epubtranslator\.venv\lib\site-packages (from -r C:/Users/matth/Desktop/EpubTranslator/requirements.txt (line 1)) (4.46.3)
Requirement already satisfied: sentencepiece in c:\users\matth\desktop\epubtranslator\.venv\lib\site-packages (from -r C:/Users/matth/Desktop/EpubTranslator/requirements.txt (line 2)) (0.2.0)
Requirement already satisfied: torch in c:\users\matth\desktop\epubtranslator\.venv\lib\site-packages (from -r C:/Users/matth/Desktop/EpubTranslator/requirements.txt (line 3)) (2.5.1)
Requirement already satisfied: numpy in c:\users\matth\desktop\epubtranslator\.venv\lib\site-packages (from -r C:/Users/matth/Desktop/EpubTranslator/requirements.txt (line 4)) (2.2.0)
Requirement already satisfied: sacremoses in c:\users\matth\desktop\epubtranslator\.venv\lib\site-packages (from -r C:/Users/matth/Desktop/EpubTranslator/requirements.txt (line 5)) (0.1.1)
Requirement already satisfied: optimum in c:\users\matth\desktop\epubtranslator\.venv\lib\site-packages (from -r C:/Users/matth/Desktop/EpubTranslator/requirements.txt (line 6)) (1.23.3)
Requirement already satisfied: filelock in c:\users\matth\desktop\epubtranslator\.venv\lib\site-packages (from transformers->-r C:/Users/matth/Desktop/EpubTranslator/requirements.txt (line 1)) (3.16.1)
Requirement already satisfied: huggingface-hub<1.0,>=0.23.2 in c:\users\matth\desktop\epubtranslator\.venv\lib\site-packages (from transformers->-r C:/Users/matth/Desktop/EpubTranslator/requirements.txt (line 1)) (0.26.5)
Requirement already satisfied: packaging>=20.0 in c:\users\matth\desktop\epubtranslator\.venv\lib\site-packages (from transformers->-r C:/Users/matth/Desktop/EpubTranslator/requirements.txt (line 1)) (24.2)
Requirement already satisfied: pyyaml>=5.1 in c:\users\matth\desktop\epubtranslator\.venv\lib\site-packages (from transformers->-r C:/Users/matth/Desktop/EpubTranslator/requirements.txt (line 1)) (6.0.2)
Requirement already satisfied: regex!=2019.12.17 in c:\users\matth\desktop\epubtranslator\.venv\lib\site-packages (from transformers->-r C:/Users/matth/Desktop/EpubTranslator/requirements.txt (line 1)) (2024.11.6)
Requirement already satisfied: requests in c:\users\matth\desktop\epubtranslator\.venv\lib\site-packages (from transformers->-r C:/Users/matth/Desktop/EpubTranslator/requirements.txt (line 1)) (2.32.3)
Requirement already satisfied: tokenizers<0.21,>=0.20 in c:\users\matth\desktop\epubtranslator\.venv\lib\site-packages (from transformers->-r C:/Users/matth/Desktop/EpubTranslator/requirements.txt (line 1)) (0.20.3)
Requirement already satisfied: safetensors>=0.4.1 in c:\users\matth\desktop\epubtranslator\.venv\lib\site-packages (from transformers->-r C:/Users/matth/Desktop/EpubTranslator/requirements.txt (line 1)) (0.4.5)
Requirement already satisfied: tqdm>=4.27 in c:\users\matth\desktop\epubtranslator\.venv\lib\site-packages (from transformers->-r C:/Users/matth/Desktop/EpubTranslator/requirements.txt (line 1)) (4.67.1)
Requirement already satisfied: typing-extensions>=4.8.0 in c:\users\matth\desktop\epubtranslator\.venv\lib\site-packages (from torch->-r C:/Users/matth/Desktop/EpubTranslator/requirements.txt (line 3)) (4.12.2)
Requirement already satisfied: networkx in c:\users\matth\desktop\epubtranslator\.venv\lib\site-packages (from torch->-r C:/Users/matth/Desktop/EpubTranslator/requirements.txt (line 3)) (3.4.2)
Requirement already satisfied: jinja2 in c:\users\matth\desktop\epubtranslator\.venv\lib\site-packages (from torch->-r C:/Users/matth/Desktop/EpubTranslator/requirements.txt (line 3)) (3.1.4)
Requirement already satisfied: fsspec in c:\users\matth\desktop\epubtranslator\.venv\lib\site-packages (from torch->-r C:/Users/matth/Desktop/EpubTranslator/requirements.txt (line 3)) (2024.9.0)
Requirement already satisfied: sympy==1.13.1 in c:\users\matth\desktop\epubtranslator\.venv\lib\site-packages (from torch->-r C:/Users/matth/Desktop/EpubTranslator/requirements.txt (line 3)) (1.13.1)
Requirement already satisfied: mpmath<1.4,>=1.1.0 in c:\users\matth\desktop\epubtranslator\.venv\lib\site-packages (from sympy==1.13.1->torch->-r C:/Users/matth/Desktop/EpubTranslator/requirements.txt (line 3)) (1.3.0)
Requirement already satisfied: click in c:\users\matth\desktop\epubtranslator\.venv\lib\site-packages (from sacremoses->-r C:/Users/matth/Desktop/EpubTranslator/requirements.txt (line 5)) (8.1.7)
Requirement already satisfied: joblib in c:\users\matth\desktop\epubtranslator\.venv\lib\site-packages (from sacremoses->-r C:/Users/matth/Desktop/EpubTranslator/requirements.txt (line 5)) (1.4.2)
Requirement already satisfied: coloredlogs in c:\users\matth\desktop\epubtranslator\.venv\lib\site-packages (from optimum->-r C:/Users/matth/Desktop/EpubTranslator/requirements.txt (line 6)) (15.0.1)
Requirement already satisfied: datasets in c:\users\matth\desktop\epubtranslator\.venv\lib\site-packages (from optimum->-r C:/Users/matth/Desktop/EpubTranslator/requirements.txt (line 6)) (3.2.0)
Requirement already satisfied: onnx in c:\users\matth\desktop\epubtranslator\.venv\lib\site-packages (from optimum[onnxruntime]->-r C:/Users/matth/Desktop/EpubTranslator/requirements.txt (line 7)) (1.17.0)
Requirement already satisfied: onnxruntime>=1.11.0 in c:\users\matth\desktop\epubtranslator\.venv\lib\site-packages (from optimum[onnxruntime]->-r C:/Users/matth/Desktop/EpubTranslator/requirements.txt (line 7)) (1.20.1)
Requirement already satisfied: evaluate in c:\users\matth\desktop\epubtranslator\.venv\lib\site-packages (from optimum[onnxruntime]->-r C:/Users/matth/Desktop/EpubTranslator/requirements.txt (line 7)) (0.4.3)
Requirement already satisfied: protobuf>=3.20.1 in c:\users\matth\desktop\epubtranslator\.venv\lib\site-packages (from optimum[onnxruntime]->-r C:/Users/matth/Desktop/EpubTranslator/requirements.txt (line 7)) (5.29.1)
Requirement already satisfied: pyarrow>=15.0.0 in c:\users\matth\desktop\epubtranslator\.venv\lib\site-packages (from datasets->optimum->-r C:/Users/matth/Desktop/EpubTranslator/requirements.txt (line 6)) (18.1.0)
Requirement already satisfied: dill<0.3.9,>=0.3.0 in c:\users\matth\desktop\epubtranslator\.venv\lib\site-packages (from datasets->optimum->-r C:/Users/matth/Desktop/EpubTranslator/requirements.txt (line 6)) (0.3.8)
Requirement already satisfied: pandas in c:\users\matth\desktop\epubtranslator\.venv\lib\site-packages (from datasets->optimum->-r C:/Users/matth/Desktop/EpubTranslator/requirements.txt (line 6)) (2.2.3)
Requirement already satisfied: xxhash in c:\users\matth\desktop\epubtranslator\.venv\lib\site-packages (from datasets->optimum->-r C:/Users/matth/Desktop/EpubTranslator/requirements.txt (line 6)) (3.5.0)
Requirement already satisfied: multiprocess<0.70.17 in c:\users\matth\desktop\epubtranslator\.venv\lib\site-packages (from datasets->optimum->-r C:/Users/matth/Desktop/EpubTranslator/requirements.txt (line 6)) (0.70.16)
Requirement already satisfied: aiohttp in c:\users\matth\desktop\epubtranslator\.venv\lib\site-packages (from datasets->optimum->-r C:/Users/matth/Desktop/EpubTranslator/requirements.txt (line 6)) (3.11.10)
Requirement already satisfied: flatbuffers in c:\users\matth\desktop\epubtranslator\.venv\lib\site-packages (from onnxruntime>=1.11.0->optimum[onnxruntime]->-r C:/Users/matth/Desktop/EpubTranslator/requirements.txt (line 7)) (24.3.25)
Requirement already satisfied: charset-normalizer<4,>=2 in c:\users\matth\desktop\epubtranslator\.venv\lib\site-packages (from requests->transformers->-r C:/Users/matth/Desktop/EpubTranslator/requirements.txt (line 1)) (3.4.0)
Requirement already satisfied: idna<4,>=2.5 in c:\users\matth\desktop\epubtranslator\.venv\lib\site-packages (from requests->transformers->-r C:/Users/matth/Desktop/EpubTranslator/requirements.txt (line 1)) (3.10)
Requirement already satisfied: urllib3<3,>=1.21.1 in c:\users\matth\desktop\epubtranslator\.venv\lib\site-packages (from requests->transformers->-r C:/Users/matth/Desktop/EpubTranslator/requirements.txt (line 1)) (2.2.3)
Requirement already satisfied: certifi>=2017.4.17 in c:\users\matth\desktop\epubtranslator\.venv\lib\site-packages (from requests->transformers->-r C:/Users/matth/Desktop/EpubTranslator/requirements.txt (line 1)) (2024.8.30)
Requirement already satisfied: colorama in c:\users\matth\desktop\epubtranslator\.venv\lib\site-packages (from tqdm>=4.27->transformers->-r C:/Users/matth/Desktop/EpubTranslator/requirements.txt (line 1)) (0.4.6)
Requirement already satisfied: humanfriendly>=9.1 in c:\users\matth\desktop\epubtranslator\.venv\lib\site-packages (from coloredlogs->optimum->-r C:/Users/matth/Desktop/EpubTranslator/requirements.txt (line 6)) (10.0)
Requirement already satisfied: MarkupSafe>=2.0 in c:\users\matth\desktop\epubtranslator\.venv\lib\site-packages (from jinja2->torch->-r C:/Users/matth/Desktop/EpubTranslator/requirements.txt (line 3)) (3.0.2)
Requirement already satisfied: aiohappyeyeballs>=2.3.0 in c:\users\matth\desktop\epubtranslator\.venv\lib\site-packages (from aiohttp->datasets->optimum->-r C:/Users/matth/Desktop/EpubTranslator/requirements.txt (line 6)) (2.4.4)
Requirement already satisfied: aiosignal>=1.1.2 in c:\users\matth\desktop\epubtranslator\.venv\lib\site-packages (from aiohttp->datasets->optimum->-r C:/Users/matth/Desktop/EpubTranslator/requirements.txt (line 6)) (1.3.1)
Requirement already satisfied: attrs>=17.3.0 in c:\users\matth\desktop\epubtranslator\.venv\lib\site-packages (from aiohttp->datasets->optimum->-r C:/Users/matth/Desktop/EpubTranslator/requirements.txt (line 6)) (24.2.0)
Requirement already satisfied: frozenlist>=1.1.1 in c:\users\matth\desktop\epubtranslator\.venv\lib\site-packages (from aiohttp->datasets->optimum->-r C:/Users/matth/Desktop/EpubTranslator/requirements.txt (line 6)) (1.5.0)
Requirement already satisfied: multidict<7.0,>=4.5 in c:\users\matth\desktop\epubtranslator\.venv\lib\site-packages (from aiohttp->datasets->optimum->-r C:/Users/matth/Desktop/EpubTranslator/requirements.txt (line 6)) (6.1.0)
Requirement already satisfied: propcache>=0.2.0 in c:\users\matth\desktop\epubtranslator\.venv\lib\site-packages (from aiohttp->datasets->optimum->-r C:/Users/matth/Desktop/EpubTranslator/requirements.txt (line 6)) (0.2.1)
Requirement already satisfied: yarl<2.0,>=1.17.0 in c:\users\matth\desktop\epubtranslator\.venv\lib\site-packages (from aiohttp->datasets->optimum->-r C:/Users/matth/Desktop/EpubTranslator/requirements.txt (line 6)) (1.18.3)
Requirement already satisfied: pyreadline3 in c:\users\matth\desktop\epubtranslator\.venv\lib\site-packages (from humanfriendly>=9.1->coloredlogs->optimum->-r C:/Users/matth/Desktop/EpubTranslator/requirements.txt (line 6)) (3.5.4)
Requirement already satisfied: python-dateutil>=2.8.2 in c:\users\matth\desktop\epubtranslator\.venv\lib\site-packages (from pandas->datasets->optimum->-r C:/Users/matth/Desktop/EpubTranslator/requirements.txt (line 6)) (2.9.0.post0)
Requirement already satisfied: pytz>=2020.1 in c:\users\matth\desktop\epubtranslator\.venv\lib\site-packages (from pandas->datasets->optimum->-r C:/Users/matth/Desktop/EpubTranslator/requirements.txt (line 6)) (2024.2)
Requirement already satisfied: tzdata>=2022.7 in c:\users\matth\desktop\epubtranslator\.venv\lib\site-packages (from pandas->datasets->optimum->-r C:/Users/matth/Desktop/EpubTranslator/requirements.txt (line 6)) (2024.2)
Requirement already satisfied: six>=1.5 in c:\users\matth\desktop\epubtranslator\.venv\lib\site-packages (from python-dateutil>=2.8.2->pandas->datasets->optimum->-r C:/Users/matth/Desktop/EpubTranslator/requirements.txt (line 6)) (1.17.0)
